<?xml version="1.0" encoding="UTF-8"?>
<testsuite name="com.lilihuang.LocaleUtilsTest" tests="30" skipped="0" failures="0" errors="0" timestamp="2019-07-07T15:18:49" hostname="HuangLis-MacBook-Pro.local" time="0.04">
  <properties/>
  <testcase name="should_is_ISO639_with_two_length" classname="com.lilihuang.LocaleUtilsTest" time="0.002"/>
  <testcase name="should_thrown_illegal_with_illegal_language_when_three_segment" classname="com.lilihuang.LocaleUtilsTest" time="0.02"/>
  <testcase name="should_thrown_illegal_with_empty_language_when_two_segment" classname="com.lilihuang.LocaleUtilsTest" time="0.0"/>
  <testcase name="should_segments_length_is_three_and_has_ISO639_and_empty" classname="com.lilihuang.LocaleUtilsTest" time="0.0"/>
  <testcase name="should_throw_exception_with_illegal_char1" classname="com.lilihuang.LocaleUtilsTest" time="0.0"/>
  <testcase name="should_throw_exception_with_illegal_char2" classname="com.lilihuang.LocaleUtilsTest" time="0.0"/>
  <testcase name="should_is_null" classname="com.lilihuang.LocaleUtilsTest" time="0.001"/>
  <testcase name="should_segments_length_is_two_and_has_ISO639_and_ISO3366" classname="com.lilihuang.LocaleUtilsTest" time="0.0"/>
  <testcase name="should_is_locale_with_lower_char" classname="com.lilihuang.LocaleUtilsTest" time="0.0"/>
  <testcase name="should_throw_exception_with_one_length" classname="com.lilihuang.LocaleUtilsTest" time="0.0"/>
  <testcase name="should_throw_exception_with_length_four" classname="com.lilihuang.LocaleUtilsTest" time="0.0"/>
  <testcase name="should_throw_exception_with_illegal_start_and_length" classname="com.lilihuang.LocaleUtilsTest" time="0.001"/>
  <testcase name="should_thrown_illegal_with_no_arguments_when_three_segment" classname="com.lilihuang.LocaleUtilsTest" time="0.0"/>
  <testcase name="should_throw_exception_with_illegal_char" classname="com.lilihuang.LocaleUtilsTest" time="0.0"/>
  <testcase name="should_is_locale_start_with_three_length" classname="com.lilihuang.LocaleUtilsTest" time="0.0"/>
  <testcase name="should_thrown_illegal_with_illegal_numeric_when_two_segment" classname="com.lilihuang.LocaleUtilsTest" time="0.002"/>
  <testcase name="should_thrown_illegal_with_illegal_country_when_two_segment" classname="com.lilihuang.LocaleUtilsTest" time="0.001"/>
  <testcase name="should_is_ISO639_with_three_length" classname="com.lilihuang.LocaleUtilsTest" time="0.0"/>
  <testcase name="should_segments_length_is_three_and_has_ISO639_and_numeric" classname="com.lilihuang.LocaleUtilsTest" time="0.001"/>
  <testcase name="should_thrown_illegal_with_illegal_country_when_three_segment" classname="com.lilihuang.LocaleUtilsTest" time="0.0"/>
  <testcase name="should_segments_length_is_three_and_has_ISO639_and_ISO3366" classname="com.lilihuang.LocaleUtilsTest" time="0.0"/>
  <testcase name="should_thrown_illegal_with_variant_is_empty_when_three_segment" classname="com.lilihuang.LocaleUtilsTest" time="0.0"/>
  <testcase name="should_is_locale_with_upper_char" classname="com.lilihuang.LocaleUtilsTest" time="0.0"/>
  <testcase name="should_segments_length_is_two_and_has_ISO639_and_ISO3366_numeric" classname="com.lilihuang.LocaleUtilsTest" time="0.0"/>
  <testcase name="should_throw_exception_with_third_is_illegal" classname="com.lilihuang.LocaleUtilsTest" time="0.001"/>
  <testcase name="should_thrown_illegal_with_illegal_language_and_country_when_two_segment" classname="com.lilihuang.LocaleUtilsTest" time="0.0"/>
  <testcase name="should_is_empty" classname="com.lilihuang.LocaleUtilsTest" time="0.0"/>
  <testcase name="should_thrown_illegal_with_three_illegal_arguments_when_three_segment" classname="com.lilihuang.LocaleUtilsTest" time="0.001"/>
  <testcase name="should_thrown_illegal_with_lower_country_when_two_segment" classname="com.lilihuang.LocaleUtilsTest" time="0.0"/>
  <testcase name="should_is_locale_with_numeric" classname="com.lilihuang.LocaleUtilsTest" time="0.0"/>
  <system-out><![CDATA[]]></system-out>
  <system-err><![CDATA[]]></system-err>
</testsuite>
