<?xml version="1.0" encoding="UTF-8"?>
<testsuite name="com.lilihuang.StringUtilsTest" tests="9" skipped="0" failures="0" errors="0" timestamp="2019-07-04T15:06:42" hostname="HuangLis-MacBook-Pro.local" time="0.01">
  <properties/>
  <testcase name="should_is_blank_with_length_not_equal_zero" classname="com.lilihuang.StringUtilsTest" time="0.006"/>
  <testcase name="should_is_blank_with_null" classname="com.lilihuang.StringUtilsTest" time="0.0"/>
  <testcase name="should_is_not_alpha_with_null" classname="com.lilihuang.StringUtilsTest" time="0.0"/>
  <testcase name="should_is_blank_with_length_equal_zero" classname="com.lilihuang.StringUtilsTest" time="0.0"/>
  <testcase name="should_is_empty_with_length_equal_zero" classname="com.lilihuang.StringUtilsTest" time="0.0"/>
  <testcase name="should_is_empty_with_null" classname="com.lilihuang.StringUtilsTest" time="0.0"/>
  <testcase name="should_is_alpha_with_null" classname="com.lilihuang.StringUtilsTest" time="0.0"/>
  <testcase name="should_is_not_blank_with_length_not_equal_zero" classname="com.lilihuang.StringUtilsTest" time="0.0"/>
  <testcase name="should_is_not_alpha_with_string" classname="com.lilihuang.StringUtilsTest" time="0.0"/>
  <system-out><![CDATA[]]></system-out>
  <system-err><![CDATA[]]></system-err>
</testsuite>
