<?xml version="1.0" encoding="UTF-8"?>
<testsuite name="com.lilihuang.LocaleUtilsTest" tests="19" skipped="0" failures="0" errors="0" timestamp="2019-07-10T16:55:01" hostname="HuangLis-MacBook-Pro.local" time="0.031">
  <properties/>
  <testcase name="should_is_ISO639_with_two_length" classname="com.lilihuang.LocaleUtilsTest" time="0.003"/>
  <testcase name="should_segments_length_is_three_and_has_ISO639_and_empty" classname="com.lilihuang.LocaleUtilsTest" time="0.0"/>
  <testcase name="should_throw_exception_with_illegal_char1" classname="com.lilihuang.LocaleUtilsTest" time="0.014"/>
  <testcase name="should_thrown_exception_with_illegal_language_and_country_when_two_segment" classname="com.lilihuang.LocaleUtilsTest" time="0.001"/>
  <testcase name="should_segments_length_is_two_and_has_ISO639_and_ISO3366" classname="com.lilihuang.LocaleUtilsTest" time="0.0"/>
  <testcase name="should_thrown_exception_with_no_arguments_when_three_segment" classname="com.lilihuang.LocaleUtilsTest" time="0.001"/>
  <testcase name="should_is_locale_with_lower_char" classname="com.lilihuang.LocaleUtilsTest" time="0.0"/>
  <testcase name="should_throw_exception_with_illegal_char" classname="com.lilihuang.LocaleUtilsTest" time="0.0"/>
  <testcase name="should_is_ISO639_with_three_length" classname="com.lilihuang.LocaleUtilsTest" time="0.001"/>
  <testcase name="should_segments_length_is_three_and_has_ISO639_and_numeric" classname="com.lilihuang.LocaleUtilsTest" time="0.0"/>
  <testcase name="should_segments_length_is_three_and_has_ISO639_and_ISO3366" classname="com.lilihuang.LocaleUtilsTest" time="0.001"/>
  <testcase name="should_is_locale_with_upper_char" classname="com.lilihuang.LocaleUtilsTest" time="0.0"/>
  <testcase name="should_is_not_ISO639_with_two_length" classname="com.lilihuang.LocaleUtilsTest" time="0.0"/>
  <testcase name="should_segments_length_is_two_and_has_ISO639_and_ISO3366_numeric" classname="com.lilihuang.LocaleUtilsTest" time="0.0"/>
  <testcase name="should_thrown_exception_with_illegal_length_when_two_segment" classname="com.lilihuang.LocaleUtilsTest" time="0.001"/>
  <testcase name="should_thrown_exception_with_illegal_numeric_when_two_segment" classname="com.lilihuang.LocaleUtilsTest" time="0.001"/>
  <testcase name="should_thrown_exception_with_lower_country_when_two_segment" classname="com.lilihuang.LocaleUtilsTest" time="0.001"/>
  <testcase name="should_is_locale_with_numeric" classname="com.lilihuang.LocaleUtilsTest" time="0.0"/>
  <testcase name="should_thrown_exception_with_empty_language_when_two_segment" classname="com.lilihuang.LocaleUtilsTest" time="0.0"/>
  <system-out><![CDATA[]]></system-out>
  <system-err><![CDATA[]]></system-err>
</testsuite>
